14:33:01,976 DEBUG devpinoyLogger:87 - Config file loaded !!!
14:33:01,979 DEBUG devpinoyLogger:102 - OR file loaded !!!
14:33:06,522 DEBUG devpinoyLogger:123 - Firefox Launched !!!
14:33:07,604 DEBUG devpinoyLogger:158 - Navigated to : http://10.131.168.19:3030
14:33:08,567 DEBUG devpinoyLogger:40 - Login successfully executed
14:33:08,584 DEBUG cache:45 - Couldn't find template in cache for "Extent.ftl"("en_US", UTF-8, parsed); will try to load it.
14:33:08,584 DEBUG cache:45 - TemplateLoader.findTemplateSource("Extent_en_US.ftl"): Not found
14:33:08,585 DEBUG cache:45 - TemplateLoader.findTemplateSource("Extent_en.ftl"): Not found
14:33:08,586 DEBUG cache:45 - TemplateLoader.findTemplateSource("Extent.ftl"): Found
14:33:08,586 DEBUG cache:45 - Loading template for "Extent.ftl"("en_US", UTF-8, parsed) from "jar:file:/C:/Users/ajay.kumar4/.m2/repository/com/relevantcodes/extentreports/2.41.2/extentreports-2.41.2.jar!/com/relevantcodes/extentreports/view/Extent.ftl"
14:33:24,183 DEBUG cache:45 - Couldn't find template in cache for "Extent.ftl"("en_US", UTF-8, parsed); will try to load it.
14:33:24,185 DEBUG cache:45 - TemplateLoader.findTemplateSource("Extent_en_US.ftl"): Not found
14:33:24,185 DEBUG cache:45 - TemplateLoader.findTemplateSource("Extent_en.ftl"): Not found
14:33:24,187 DEBUG cache:45 - TemplateLoader.findTemplateSource("Extent.ftl"): Found
14:33:24,187 DEBUG cache:45 - Loading template for "Extent.ftl"("en_US", UTF-8, parsed) from "jar:file:/C:/Users/ajay.kumar4/.m2/repository/com/relevantcodes/extentreports/2.41.2/extentreports-2.41.2.jar!/com/relevantcodes/extentreports/view/Extent.ftl"
14:33:25,368 DEBUG devpinoyLogger:211 - browser closed called !!!
14:33:27,637 DEBUG devpinoyLogger:131 - Chrome Launched !!!
14:33:30,287 DEBUG devpinoyLogger:158 - Navigated to : http://10.131.168.19:3030
14:33:30,950 DEBUG devpinoyLogger:40 - Login successfully executed
14:33:30,951 DEBUG cache:45 - Couldn't find template in cache for "Extent.ftl"("en_US", UTF-8, parsed); will try to load it.
14:33:30,951 DEBUG cache:45 - TemplateLoader.findTemplateSource("Extent_en_US.ftl"): Not found
14:33:30,952 DEBUG cache:45 - TemplateLoader.findTemplateSource("Extent_en.ftl"): Not found
14:33:30,952 DEBUG cache:45 - TemplateLoader.findTemplateSource("Extent.ftl"): Found
14:33:30,952 DEBUG cache:45 - Loading template for "Extent.ftl"("en_US", UTF-8, parsed) from "jar:file:/C:/Users/ajay.kumar4/.m2/repository/com/relevantcodes/extentreports/2.41.2/extentreports-2.41.2.jar!/com/relevantcodes/extentreports/view/Extent.ftl"
14:33:32,275 DEBUG cache:45 - Couldn't find template in cache for "Extent.ftl"("en_US", UTF-8, parsed); will try to load it.
14:33:32,275 DEBUG cache:45 - TemplateLoader.findTemplateSource("Extent_en_US.ftl"): Not found
14:33:32,276 DEBUG cache:45 - TemplateLoader.findTemplateSource("Extent_en.ftl"): Not found
14:33:32,276 DEBUG cache:45 - TemplateLoader.findTemplateSource("Extent.ftl"): Found
14:33:32,276 DEBUG cache:45 - Loading template for "Extent.ftl"("en_US", UTF-8, parsed) from "jar:file:/C:/Users/ajay.kumar4/.m2/repository/com/relevantcodes/extentreports/2.41.2/extentreports-2.41.2.jar!/com/relevantcodes/extentreports/view/Extent.ftl"
14:33:32,455 DEBUG devpinoyLogger:211 - browser closed called !!!
14:33:33,714 DEBUG devpinoyLogger:138 - IE Launched !!!
14:33:35,369 DEBUG devpinoyLogger:158 - Navigated to : http://10.131.168.19:3030
14:33:37,415 DEBUG devpinoyLogger:40 - Login successfully executed
14:33:37,415 DEBUG cache:45 - Couldn't find template in cache for "Extent.ftl"("en_US", UTF-8, parsed); will try to load it.
14:33:37,416 DEBUG cache:45 - TemplateLoader.findTemplateSource("Extent_en_US.ftl"): Not found
14:33:37,416 DEBUG cache:45 - TemplateLoader.findTemplateSource("Extent_en.ftl"): Not found
14:33:37,416 DEBUG cache:45 - TemplateLoader.findTemplateSource("Extent.ftl"): Found
14:33:37,416 DEBUG cache:45 - Loading template for "Extent.ftl"("en_US", UTF-8, parsed) from "jar:file:/C:/Users/ajay.kumar4/.m2/repository/com/relevantcodes/extentreports/2.41.2/extentreports-2.41.2.jar!/com/relevantcodes/extentreports/view/Extent.ftl"
14:33:53,518 DEBUG cache:45 - Couldn't find template in cache for "Extent.ftl"("en_US", UTF-8, parsed); will try to load it.
14:33:53,518 DEBUG cache:45 - TemplateLoader.findTemplateSource("Extent_en_US.ftl"): Not found
14:33:53,519 DEBUG cache:45 - TemplateLoader.findTemplateSource("Extent_en.ftl"): Not found
14:33:53,519 DEBUG cache:45 - TemplateLoader.findTemplateSource("Extent.ftl"): Found
14:33:53,519 DEBUG cache:45 - Loading template for "Extent.ftl"("en_US", UTF-8, parsed) from "jar:file:/C:/Users/ajay.kumar4/.m2/repository/com/relevantcodes/extentreports/2.41.2/extentreports-2.41.2.jar!/com/relevantcodes/extentreports/view/Extent.ftl"
14:33:53,570 DEBUG devpinoyLogger:211 - browser closed called !!!
14:33:54,113 DEBUG devpinoyLogger:201 - test execution completed !!!
